GROUP,PACKAGE,CLASS,INSTRUCTION_MISSED,INSTRUCTION_COVERED,BRANCH_MISSED,BRANCH_COVERED,LINE_MISSED,LINE_COVERED,COMPLEXITY_MISSED,COMPLEXITY_COVERED,METHOD_MISSED,METHOD_COVERED
CS5004 Assignment,edu.neu.ccs.cs5004.assignment5.problem2,BagOfWordsList,0,4,0,0,0,1,0,1,0,1
CS5004 Assignment,edu.neu.ccs.cs5004.assignment5.problem2,Cons,8,124,6,16,1,23,6,14,0,9
CS5004 Assignment,edu.neu.ccs.cs5004.assignment5.problem2,AbstractBagOfWordList,0,41,0,4,0,7,0,5,0,3
CS5004 Assignment,edu.neu.ccs.cs5004.assignment5.problem2,Empty,0,36,1,5,0,14,1,11,0,9
CS5004 Assignment,edu.neu.ccs.cs5004.assignment5.problem1,ConsNode,1,80,2,8,0,15,2,9,0,6
CS5004 Assignment,edu.neu.ccs.cs5004.assignment5.problem1,Cons,29,78,7,7,5,17,5,11,0,9
CS5004 Assignment,edu.neu.ccs.cs5004.assignment5.problem1,PriorityQueue,0,4,0,0,0,1,0,1,0,1
CS5004 Assignment,edu.neu.ccs.cs5004.assignment5.problem1,InvalidPopException,0,4,0,0,0,2,0,1,0,1
CS5004 Assignment,edu.neu.ccs.cs5004.assignment5.problem1,Node,0,4,0,0,0,1,0,1,0,1
CS5004 Assignment,edu.neu.ccs.cs5004.assignment5.problem1,Empty,6,34,1,5,3,11,3,9,2,7
CS5004 Assignment,edu.neu.ccs.cs5004.assignment5.problem1,AbstractPriorityQueue,0,49,0,4,0,8,0,5,0,3
CS5004 Assignment,edu.neu.ccs.cs5004.assignment5.problem1,EmptyNode,0,27,1,5,0,11,1,8,0,6
CS5004 Assignment,edu.neu.ccs.cs5004.assignment5.problem1,InvalidPeekException,0,4,0,0,0,2,0,1,0,1
